<?xml version="1.0" encoding="UTF-8"?>
<!-- Generated by org.testng.reporters.JUnitReportReporter -->
<testsuite skipped="0" hostname="LAPTOP-GAPOHHEE" name="testCases.CreateAProduct" tests="1" failures="0" timestamp="03 Feb 2022 01:53:53 GMT" time="3.044" errors="0">
  <testcase name="createAProduct" time="3.044" classname="testCases.CreateAProduct"/>
</testsuite> <!-- testCases.CreateAProduct -->
