<?xml version="1.0" encoding="UTF-8"?>
<!-- Generated by org.testng.reporters.JUnitReportReporter -->
<testsuite skipped="0" hostname="LAPTOP-GAPOHHEE" name="testCases.DeleteAProduct" tests="2" failures="0" timestamp="03 Feb 2022 01:53:12 GMT" time="3.632" errors="0">
  <testcase name="AProduct" time="2.492" classname="testCases.DeleteAProduct"/>
  <testcase name="readAProduct" time="1.140" classname="testCases.DeleteAProduct"/>
</testsuite> <!-- testCases.DeleteAProduct -->
