<?xml version="1.0" encoding="UTF-8"?>
<!-- Generated by org.testng.reporters.JUnitReportReporter -->
<testsuite skipped="0" hostname="LAPTOP-GAPOHHEE" name="testCases.ReadAllProducts" tests="1" failures="0" timestamp="03 Feb 2022 01:53:24 GMT" time="2.285" errors="0">
  <testcase name="readAllProducts" time="2.285" classname="testCases.ReadAllProducts"/>
</testsuite> <!-- testCases.ReadAllProducts -->
